<?xml version="1.0" encoding="UTF-8" ?>
<testsuite failures="0" time="36.565" errors="0" skipped="0" tests="4" name="TestSuite">
  <properties>
[...]
</properties>
  <testcase time="6.639" classname="ru.st.selenium.Login" name="testLogin"/>
  <testcase time="11.95" classname="ru.st.selenium.AddFilm" name="testAddFilm"/>
  <testcase time="1.948" classname="ru.st.selenium.RemoveFilm2" name="testRemoveFilm2"/>
  <testcase time="2.363" classname="ru.st.selenium.Logout" name="testLogout"/>
</testsuite>