<?xml version="1.0" encoding="UTF-8"?>
<!-- Generated by org.testng.reporters.JUnitXMLReporter -->
<testsuite hostname="romul-pc" name="Test1" tests="4" failures="0" timestamp="20 Apr 2013 18:43:34 GMT" time="30.918" errors="0">
  <testcase name="testLogin" time="6.643" classname="ru.st.selenium.Login"/>
  <testcase name="testAddFilm" time="11.948" classname="ru.st.selenium.AddFilm"/>
  <testcase name="testRemoveFilm2" time="1.948" classname="ru.st.selenium.RemoveFilm2"/>
  <testcase name="testLogout" time="2.366" classname="ru.st.selenium.Logout"/>
</testsuite> <!-- Test1 -->
